<?xml version="1.0" encoding="UTF-8"?>
<testng-results ignored="0" total="2" passed="2" failed="0" skipped="0">
  <reporter-output>
  </reporter-output>
  <suite started-at="2019-07-20T08:28:51Z" name="Default suite" finished-at="2019-07-20T08:28:51Z" duration-ms="59">
    <groups>
    </groups>
    <test started-at="2019-07-20T08:28:51Z" name="Default test" finished-at="2019-07-20T08:28:51Z" duration-ms="59">
      <class name="com.test.dataproviderConcepts">
        <test-method signature="testmethod(java.lang.String)[pri:0, instance:com.test.dataproviderConcepts@214b199c]" started-at="2019-07-20T08:28:51Z" name="testmethod" data-provider="dp" finished-at="2019-07-20T08:28:51Z" duration-ms="13" status="PASS">
          <params>
            <param index="0">
              <value>
                <![CDATA[first set of data]]>
              </value>
            </param>
          </params>
          <reporter-output>
          </reporter-output>
        </test-method> <!-- testmethod -->
        <test-method signature="testmethod(java.lang.String)[pri:0, instance:com.test.dataproviderConcepts@214b199c]" started-at="2019-07-20T08:28:51Z" name="testmethod" data-provider="dp" finished-at="2019-07-20T08:28:51Z" duration-ms="2" status="PASS">
          <params>
            <param index="0">
              <value>
                <![CDATA[second set of data]]>
              </value>
            </param>
          </params>
          <reporter-output>
          </reporter-output>
        </test-method> <!-- testmethod -->
      </class> <!-- com.test.dataproviderConcepts -->
    </test> <!-- Default test -->
  </suite> <!-- Default suite -->
</testng-results>
